TN:
SF:modules/contract-test-utils/contracts/test.sol
FN:16,getDiff
FNDA:0,getDiff
DA:17,0
FN:20,assertIgnoringDecimals
FNDA:0,assertIgnoringDecimals
DA:21,0
FN:25,assertWithinPrecision
FNDA:0,assertWithinPrecision
DA:26,0
DA:28,0
BRDA:28,0,0,-
DA:30,0
DA:32,0
BRDA:32,1,0,-
DA:34,0
DA:36,0
DA:37,0
DA:39,0
FN:43,assertWithinPercentage
FNDA:0,assertWithinPercentage
DA:44,0
DA:46,0
BRDA:46,2,0,-
DA:48,0
DA:50,0
BRDA:50,3,0,-
DA:52,0
DA:54,0
DA:55,0
DA:57,0
FN:61,assertWithinDiff
FNDA:0,assertWithinDiff
DA:62,0
BRDA:62,4,0,-
DA:64,0
DA:66,0
DA:67,0
DA:69,0
FN:73,constrictToRange
FNDA:0,constrictToRange
DA:78,0
DA:80,0
DA:82,0
BRDA:82,5,0,-
DA:83,0
BRDA:83,6,0,-
DA:86,0
BRDA:86,7,0,-
DA:88,0
BRDA:88,8,0,-
DA:90,0
DA:93,0
BRDA:93,9,0,-
FN:97,erc20_mint
FNDA:0,erc20_mint
DA:98,0
DA:100,0
FN:110,convertUintToString
FNDA:0,convertUintToString
DA:111,0
BRDA:111,10,0,-
DA:113,0
DA:114,0
DA:116,0
DA:117,0
DA:118,0
DA:121,0
DA:122,0
DA:124,0
DA:125,0
DA:127,0
DA:128,0
DA:130,0
DA:131,0
DA:134,0
FN:143,addTargetContract
FNDA:0,addTargetContract
DA:144,0
FN:147,targetContracts
FNDA:0,targetContracts
DA:148,0
DA:149,0
FNF:10
FNH:0
LF:51
LH:0
BRF:11
BRH:0
end_of_record
TN:
SF:contracts/NonTransparentProxied.sol
FN:11,admin
FNDA:1,admin
DA:12,1
FN:15,implementation
FNDA:1,implementation
DA:16,1
FN:19,_getAddress
FNDA:2,_getAddress
DA:21,2
FNF:3
FNH:3
LF:3
LH:3
BRF:0
BRH:0
end_of_record
TN:
SF:contracts/NonTransparentProxy.sol
FN:11,
FNDA:0,
DA:12,0
DA:13,0
FN:20,setImplementation
FNDA:3,setImplementation
DA:21,3
DA:22,3
FN:29,_admin
FNDA:4,_admin
DA:30,4
FN:33,_implementation
FNDA:2,_implementation
DA:34,2
FN:41,_setAddress
FNDA:1,_setAddress
FN:47,_getAddress
FNDA:6,_getAddress
DA:49,6
FN:57,
FNDA:6,
DA:58,6
DA:60,6
FNF:7
FNH:6
LF:9
LH:7
BRF:0
BRH:0
end_of_record
TN:
SF:modules/contract-test-utils/contracts/DSTest.sol
FN:47,fail
FNDA:0,fail
DA:48,0
FN:58,assertTrue
FNDA:0,assertTrue
DA:59,0
BRDA:59,0,0,-
DA:60,0
DA:61,0
FN:65,assertTrue
FNDA:0,assertTrue
DA:66,0
BRDA:66,1,0,-
DA:67,0
DA:68,0
FN:72,assertEq
FNDA:0,assertEq
DA:73,0
BRDA:73,2,0,-
DA:74,0
DA:75,0
DA:76,0
DA:77,0
FN:80,assertEq
FNDA:0,assertEq
DA:81,0
BRDA:81,3,0,-
DA:82,0
DA:83,0
FN:87,assertEq
FNDA:0,assertEq
DA:88,0
BRDA:88,4,0,-
DA:89,0
DA:90,0
DA:91,0
DA:92,0
FN:95,assertEq
FNDA:0,assertEq
DA:96,0
BRDA:96,5,0,-
DA:97,0
DA:98,0
FN:101,assertEq32
FNDA:0,assertEq32
DA:102,0
FN:104,assertEq32
FNDA:0,assertEq32
DA:105,0
FN:108,assertEq
FNDA:0,assertEq
DA:109,0
BRDA:109,6,0,-
DA:110,0
DA:111,0
DA:112,0
DA:113,0
FN:116,assertEq
FNDA:0,assertEq
DA:117,0
BRDA:117,7,0,-
DA:118,0
DA:119,0
FN:122,assertEq
FNDA:0,assertEq
DA:123,0
BRDA:123,8,0,-
DA:124,0
DA:125,0
DA:126,0
DA:127,0
FN:130,assertEq
FNDA:0,assertEq
DA:131,0
BRDA:131,9,0,-
DA:132,0
DA:133,0
FN:136,assertEqDecimal
FNDA:0,assertEqDecimal
DA:137,0
BRDA:137,10,0,-
DA:138,0
DA:139,0
DA:140,0
DA:141,0
FN:144,assertEqDecimal
FNDA:0,assertEqDecimal
DA:145,0
BRDA:145,11,0,-
DA:146,0
DA:147,0
FN:150,assertEqDecimal
FNDA:0,assertEqDecimal
DA:151,0
BRDA:151,12,0,-
DA:152,0
DA:153,0
DA:154,0
DA:155,0
FN:158,assertEqDecimal
FNDA:0,assertEqDecimal
DA:159,0
BRDA:159,13,0,-
DA:160,0
DA:161,0
FN:165,assertGt
FNDA:0,assertGt
DA:166,0
BRDA:166,14,0,-
DA:167,0
DA:168,0
DA:169,0
DA:170,0
FN:173,assertGt
FNDA:0,assertGt
DA:174,0
BRDA:174,15,0,-
DA:175,0
DA:176,0
FN:179,assertGt
FNDA:0,assertGt
DA:180,0
BRDA:180,16,0,-
DA:181,0
DA:182,0
DA:183,0
DA:184,0
FN:187,assertGt
FNDA:0,assertGt
DA:188,0
BRDA:188,17,0,-
DA:189,0
DA:190,0
FN:193,assertGtDecimal
FNDA:0,assertGtDecimal
DA:194,0
BRDA:194,18,0,-
DA:195,0
DA:196,0
DA:197,0
DA:198,0
FN:201,assertGtDecimal
FNDA:0,assertGtDecimal
DA:202,0
BRDA:202,19,0,-
DA:203,0
DA:204,0
FN:207,assertGtDecimal
FNDA:0,assertGtDecimal
DA:208,0
BRDA:208,20,0,-
DA:209,0
DA:210,0
DA:211,0
DA:212,0
FN:215,assertGtDecimal
FNDA:0,assertGtDecimal
DA:216,0
BRDA:216,21,0,-
DA:217,0
DA:218,0
FN:222,assertGe
FNDA:0,assertGe
DA:223,0
BRDA:223,22,0,-
DA:224,0
DA:225,0
DA:226,0
DA:227,0
FN:230,assertGe
FNDA:0,assertGe
DA:231,0
BRDA:231,23,0,-
DA:232,0
DA:233,0
FN:236,assertGe
FNDA:0,assertGe
DA:237,0
BRDA:237,24,0,-
DA:238,0
DA:239,0
DA:240,0
DA:241,0
FN:244,assertGe
FNDA:0,assertGe
DA:245,0
BRDA:245,25,0,-
DA:246,0
DA:247,0
FN:250,assertGeDecimal
FNDA:0,assertGeDecimal
DA:251,0
BRDA:251,26,0,-
DA:252,0
DA:253,0
DA:254,0
DA:255,0
FN:258,assertGeDecimal
FNDA:0,assertGeDecimal
DA:259,0
BRDA:259,27,0,-
DA:260,0
DA:261,0
FN:264,assertGeDecimal
FNDA:0,assertGeDecimal
DA:265,0
BRDA:265,28,0,-
DA:266,0
DA:267,0
DA:268,0
DA:269,0
FN:272,assertGeDecimal
FNDA:0,assertGeDecimal
DA:273,0
BRDA:273,29,0,-
DA:274,0
DA:275,0
FN:279,assertLt
FNDA:0,assertLt
DA:280,0
BRDA:280,30,0,-
DA:281,0
DA:282,0
DA:283,0
DA:284,0
FN:287,assertLt
FNDA:0,assertLt
DA:288,0
BRDA:288,31,0,-
DA:289,0
DA:290,0
FN:293,assertLt
FNDA:0,assertLt
DA:294,0
BRDA:294,32,0,-
DA:295,0
DA:296,0
DA:297,0
DA:298,0
FN:301,assertLt
FNDA:0,assertLt
DA:302,0
BRDA:302,33,0,-
DA:303,0
DA:304,0
FN:307,assertLtDecimal
FNDA:0,assertLtDecimal
DA:308,0
BRDA:308,34,0,-
DA:309,0
DA:310,0
DA:311,0
DA:312,0
FN:315,assertLtDecimal
FNDA:0,assertLtDecimal
DA:316,0
BRDA:316,35,0,-
DA:317,0
DA:318,0
FN:321,assertLtDecimal
FNDA:0,assertLtDecimal
DA:322,0
BRDA:322,36,0,-
DA:323,0
DA:324,0
DA:325,0
DA:326,0
FN:329,assertLtDecimal
FNDA:0,assertLtDecimal
DA:330,0
BRDA:330,37,0,-
DA:331,0
DA:332,0
FN:336,assertLe
FNDA:0,assertLe
DA:337,0
BRDA:337,38,0,-
DA:338,0
DA:339,0
DA:340,0
DA:341,0
FN:344,assertLe
FNDA:0,assertLe
DA:345,0
BRDA:345,39,0,-
DA:346,0
DA:347,0
FN:350,assertLe
FNDA:0,assertLe
DA:351,0
BRDA:351,40,0,-
DA:352,0
DA:353,0
DA:354,0
DA:355,0
FN:358,assertLe
FNDA:0,assertLe
DA:359,0
BRDA:359,41,0,-
DA:360,0
DA:361,0
FN:364,assertLeDecimal
FNDA:0,assertLeDecimal
DA:365,0
BRDA:365,42,0,-
DA:366,0
DA:367,0
DA:368,0
DA:369,0
FN:372,assertLeDecimal
FNDA:0,assertLeDecimal
DA:373,0
BRDA:373,43,0,-
DA:374,0
DA:375,0
FN:378,assertLeDecimal
FNDA:0,assertLeDecimal
DA:379,0
BRDA:379,44,0,-
DA:380,0
DA:381,0
DA:382,0
DA:383,0
FN:386,assertLeDecimal
FNDA:0,assertLeDecimal
DA:387,0
BRDA:387,45,0,-
DA:388,0
DA:389,0
FN:393,assertEq
FNDA:0,assertEq
DA:394,0
BRDA:394,46,0,-
DA:395,0
DA:396,0
DA:397,0
DA:398,0
FN:401,assertEq
FNDA:0,assertEq
DA:402,0
BRDA:402,47,0,-
DA:403,0
DA:404,0
FN:408,checkEq0
FNDA:0,checkEq0
DA:409,0
DA:410,0
BRDA:410,48,0,-
DA:411,0
DA:412,0
BRDA:412,49,0,-
DA:413,0
BRDA:410,48,1,-
DA:417,0
FN:420,assertEq0
FNDA:0,assertEq0
DA:421,0
BRDA:421,50,0,-
DA:422,0
DA:423,0
DA:424,0
DA:425,0
FN:428,assertEq0
FNDA:0,assertEq0
DA:429,0
BRDA:429,51,0,-
DA:430,0
DA:431,0
FNF:54
FNH:0
LF:207
LH:0
BRF:53
BRH:0
end_of_record
